<testsuites id="" name="" tests="4" failures="4" skipped="0" errors="0" time="47.885363">
<testsuite name="accounting-document-workflow.spec.ts" timestamp="2025-10-09T23:40:06.020Z" hostname="chromium" tests="4" failures="4" skipped="0" time="103.587" errors="0">
<testcase name="Accounting Document Workflow › Navigate to Documents tab and test document upload" classname="accounting-document-workflow.spec.ts" time="26.016">
<failure message="accounting-document-workflow.spec.ts:19:7 Navigate to Documents tab and test document upload" type="FAILURE">
<![CDATA[  [chromium] › accounting-document-workflow.spec.ts:19:7 › Accounting Document Workflow › Navigate to Documents tab and test document upload 

    TimeoutError: page.goto: Timeout 5000ms exceeded.
    Call log:
      - navigating to "http://localhost:3001/admin/accounting", waiting until "load"


       8 |     } catch (error) {
       9 |       console.log('Page navigation timeout, retrying...');
    > 10 |       await page.goto('/admin/accounting', { timeout: 5000 });
         |                  ^
      11 |     }
      12 |     
      13 |     // Wait for page to load
        at C:\Users\Ochow\Desktop\NGI Capital App\e2e\tests\accounting-document-workflow.spec.ts:10:18

    attachment #1: video (video/webm) ──────────────────────────────────────────────────────────────
    ..\test-results\accounting-document-workfl-e356a-ab-and-test-document-upload-chromium\video.webm
    ────────────────────────────────────────────────────────────────────────────────────────────────
]]>
</failure>
<system-out>
<![CDATA[Page navigation timeout, retrying...

[[ATTACHMENT|test-results\accounting-document-workfl-e356a-ab-and-test-document-upload-chromium\video.webm]]
]]>
</system-out>
</testcase>
<testcase name="Accounting Document Workflow › Navigate to Journal Entries and test workflow" classname="accounting-document-workflow.spec.ts" time="26.046">
<failure message="accounting-document-workflow.spec.ts:61:7 Navigate to Journal Entries and test workflow" type="FAILURE">
<![CDATA[  [chromium] › accounting-document-workflow.spec.ts:61:7 › Accounting Document Workflow › Navigate to Journal Entries and test workflow 

    TimeoutError: page.goto: Timeout 5000ms exceeded.
    Call log:
      - navigating to "http://localhost:3001/admin/accounting", waiting until "load"


       8 |     } catch (error) {
       9 |       console.log('Page navigation timeout, retrying...');
    > 10 |       await page.goto('/admin/accounting', { timeout: 5000 });
         |                  ^
      11 |     }
      12 |     
      13 |     // Wait for page to load
        at C:\Users\Ochow\Desktop\NGI Capital App\e2e\tests\accounting-document-workflow.spec.ts:10:18

    attachment #1: video (video/webm) ──────────────────────────────────────────────────────────────
    ..\test-results\accounting-document-workfl-7eca7-l-Entries-and-test-workflow-chromium\video.webm
    ────────────────────────────────────────────────────────────────────────────────────────────────
]]>
</failure>
<system-out>
<![CDATA[Page navigation timeout, retrying...

[[ATTACHMENT|test-results\accounting-document-workfl-7eca7-l-Entries-and-test-workflow-chromium\video.webm]]
]]>
</system-out>
</testcase>
<testcase name="Accounting Document Workflow › Navigate to Chart of Accounts and test functionality" classname="accounting-document-workflow.spec.ts" time="25.84">
<failure message="accounting-document-workflow.spec.ts:108:7 Navigate to Chart of Accounts and test functionality" type="FAILURE">
<![CDATA[  [chromium] › accounting-document-workflow.spec.ts:108:7 › Accounting Document Workflow › Navigate to Chart of Accounts and test functionality 

    TimeoutError: page.goto: Timeout 5000ms exceeded.
    Call log:
      - navigating to "http://localhost:3001/admin/accounting", waiting until "load"


       8 |     } catch (error) {
       9 |       console.log('Page navigation timeout, retrying...');
    > 10 |       await page.goto('/admin/accounting', { timeout: 5000 });
         |                  ^
      11 |     }
      12 |     
      13 |     // Wait for page to load
        at C:\Users\Ochow\Desktop\NGI Capital App\e2e\tests\accounting-document-workflow.spec.ts:10:18

    attachment #1: video (video/webm) ──────────────────────────────────────────────────────────────
    ..\test-results\accounting-document-workfl-fcf42-unts-and-test-functionality-chromium\video.webm
    ────────────────────────────────────────────────────────────────────────────────────────────────
]]>
</failure>
<system-out>
<![CDATA[Page navigation timeout, retrying...

[[ATTACHMENT|test-results\accounting-document-workfl-fcf42-unts-and-test-functionality-chromium\video.webm]]
]]>
</system-out>
</testcase>
<testcase name="Accounting Document Workflow › Test all main accounting tabs navigation" classname="accounting-document-workflow.spec.ts" time="25.685">
<failure message="accounting-document-workflow.spec.ts:164:7 Test all main accounting tabs navigation" type="FAILURE">
<![CDATA[  [chromium] › accounting-document-workflow.spec.ts:164:7 › Accounting Document Workflow › Test all main accounting tabs navigation 

    TimeoutError: page.goto: Timeout 5000ms exceeded.
    Call log:
      - navigating to "http://localhost:3001/admin/accounting", waiting until "load"


       8 |     } catch (error) {
       9 |       console.log('Page navigation timeout, retrying...');
    > 10 |       await page.goto('/admin/accounting', { timeout: 5000 });
         |                  ^
      11 |     }
      12 |     
      13 |     // Wait for page to load
        at C:\Users\Ochow\Desktop\NGI Capital App\e2e\tests\accounting-document-workflow.spec.ts:10:18

    attachment #1: video (video/webm) ──────────────────────────────────────────────────────────────
    ..\test-results\accounting-document-workfl-5d40c--accounting-tabs-navigation-chromium\video.webm
    ────────────────────────────────────────────────────────────────────────────────────────────────
]]>
</failure>
<system-out>
<![CDATA[Page navigation timeout, retrying...

[[ATTACHMENT|test-results\accounting-document-workfl-5d40c--accounting-tabs-navigation-chromium\video.webm]]
]]>
</system-out>
</testcase>
</testsuite>
</testsuites>